2016-09-14 01:07:23,410 - [INFO] - from play in pool-4-thread-1 
Listening for HTTP on /0:0:0:0:0:0:0:0:9000

2016-09-14 01:07:26,911 - [INFO] Application started (Dev)
2016-09-14 01:07:27,237 - [INFO] <GETTER> Nathan ask groups information on the user
2016-09-14 01:07:27,240 - [INFO] <BUSINESS_LOGIC> Get the groups information for the user name : Nathan
2016-09-14 01:07:27,446 - [INFO] <DATA_BASE> Get user-id by user-name
2016-09-14 01:09:44,196 - [ERROR] You have an error in your SQL syntax; check the manual that corresponds to your MySQL server version for the right syntax to use near 'IN (SELECT group_id FROM yankalee.group_users WHERE user_id='2'' at line 1
2016-09-14 01:09:44,197 - [INFO] <GETTER> <DATA>{ "groups":[ ]}
2016-09-14 01:10:09,337 - [INFO] Application started (Dev)
2016-09-14 01:10:09,358 - [INFO] <GETTER> Nathan ask groups information on the user
2016-09-14 01:10:09,362 - [INFO] <BUSINESS_LOGIC> Get the groups information for the user name : Nathan
2016-09-14 01:10:09,370 - [INFO] <DATA_BASE> Get user-id by user-name
2016-09-14 01:10:40,808 - [ERROR] You have an error in your SQL syntax; check the manual that corresponds to your MySQL server version for the right syntax to use near '' at line 1
2016-09-14 01:10:40,808 - [INFO] <GETTER> <DATA>{ "groups":[ ]}
2016-09-14 01:10:47,856 - [INFO] <GETTER> Nathan ask groups information on the user
2016-09-14 01:10:47,859 - [INFO] <BUSINESS_LOGIC> Get the groups information for the user name : Nathan
2016-09-14 01:10:47,866 - [INFO] <DATA_BASE> Get user-id by user-name
2016-09-14 01:12:53,309 - [ERROR] You have an error in your SQL syntax; check the manual that corresponds to your MySQL server version for the right syntax to use near '' at line 1
2016-09-14 01:12:53,309 - [INFO] <GETTER> <DATA>{ "groups":[ ]}
2016-09-14 01:12:55,855 - [INFO] <GETTER> Nathan ask groups information on the user
2016-09-14 01:12:55,858 - [INFO] <BUSINESS_LOGIC> Get the groups information for the user name : Nathan
2016-09-14 01:12:55,865 - [INFO] <DATA_BASE> Get user-id by user-name
2016-09-14 01:14:55,816 - [ERROR] You have an error in your SQL syntax; check the manual that corresponds to your MySQL server version for the right syntax to use near '' at line 1
2016-09-14 01:14:55,816 - [INFO] <GETTER> <DATA>{ "groups":[ ]}
2016-09-14 01:15:07,052 - [INFO] Application started (Dev)
2016-09-14 01:15:07,074 - [INFO] <GETTER> Nathan ask groups information on the user
2016-09-14 01:15:07,078 - [INFO] <BUSINESS_LOGIC> Get the groups information for the user name : Nathan
2016-09-14 01:15:07,085 - [INFO] <DATA_BASE> Get user-id by user-name
2016-09-14 01:15:14,358 - [INFO] <DATA_BASE> Get User id: 2
2016-09-14 01:15:33,446 - [INFO] <DATA_BASE> Get User Name for id: 2
2016-09-14 01:15:36,622 - [INFO] <DATA_BASE> Get User Name for id: 17
2016-09-14 01:15:40,193 - [INFO] <GETTER> <DATA>{ "groups":[ {"group_name":"test1","group_owner_name":"Nathan"}, {"group_name":"test3","group_owner_name":"יצחק אלחנן"} ]}
2016-09-14 10:57:44,233 - [INFO] <GETTER> Clien in IP : 37.26.147.206 Trying to connect
2016-09-14 10:57:44,233 - [INFO] <BUSINESS_LOGIC> Get is login permited
2016-09-14 10:57:44,245 - [INFO] <DATA_BASE> Get Users
2016-09-14 10:57:44,251 - [INFO] <MAIL>Set the mail propeties ===> setup Mail Server Properties..
2016-09-14 10:57:44,251 - [INFO] <MAIL>Set the mail propeties ===> Mail Server Properties have been setup successfully..
2016-09-14 10:57:44,251 - [INFO] <MAIL> Send the mail ===> get Mail Session..
2016-09-14 10:57:44,433 - [INFO] <MAIL> Send the mail ===> Mail Session has been created successfully..
2016-09-14 10:57:44,433 - [INFO] <MAIL> Send the mail ===> Get Session and Send mail
2016-09-14 10:57:44,932 - [INFO] <GETTER> Clien in IP : 37.26.147.206 Trying to connect
2016-09-14 10:57:44,969 - [INFO] <BUSINESS_LOGIC> Get is login permited
2016-09-14 10:57:44,974 - [INFO] <DATA_BASE> Get Users
2016-09-14 10:57:44,974 - [INFO] <MAIL>Set the mail propeties ===> setup Mail Server Properties..
2016-09-14 10:57:44,974 - [INFO] <MAIL>Set the mail propeties ===> Mail Server Properties have been setup successfully..
2016-09-14 10:57:44,979 - [INFO] <MAIL> Send the mail ===> get Mail Session..
2016-09-14 10:57:44,979 - [INFO] <MAIL> Send the mail ===> Mail Session has been created successfully..
2016-09-14 10:57:44,979 - [INFO] <MAIL> Send the mail ===> Get Session and Send mail
2016-09-14 10:57:45,364 - [INFO] <GETTER> Clien in IP : 37.26.147.206 Trying to connect
2016-09-14 10:57:45,364 - [INFO] <BUSINESS_LOGIC> Get is login permited
2016-09-14 10:57:45,369 - [INFO] <DATA_BASE> Get Users
2016-09-14 10:57:45,374 - [INFO] <MAIL>Set the mail propeties ===> setup Mail Server Properties..
2016-09-14 10:57:45,374 - [INFO] <MAIL>Set the mail propeties ===> Mail Server Properties have been setup successfully..
2016-09-14 10:57:45,374 - [INFO] <MAIL> Send the mail ===> get Mail Session..
2016-09-14 10:57:45,374 - [INFO] <MAIL> Send the mail ===> Mail Session has been created successfully..
2016-09-14 10:57:45,374 - [INFO] <MAIL> Send the mail ===> Get Session and Send mail
2016-09-14 10:57:45,484 - [INFO] <GETTER> Clien in IP : 37.26.147.206 Trying to connect
2016-09-14 10:57:45,484 - [INFO] <BUSINESS_LOGIC> Get is login permited
2016-09-14 10:57:45,494 - [INFO] <DATA_BASE> Get Users
2016-09-14 10:57:45,494 - [INFO] <MAIL>Set the mail propeties ===> setup Mail Server Properties..
2016-09-14 10:57:45,494 - [INFO] <MAIL>Set the mail propeties ===> Mail Server Properties have been setup successfully..
2016-09-14 10:57:45,494 - [INFO] <MAIL> Send the mail ===> get Mail Session..
2016-09-14 10:57:45,494 - [INFO] <MAIL> Send the mail ===> Mail Session has been created successfully..
2016-09-14 10:57:45,494 - [INFO] <MAIL> Send the mail ===> Get Session and Send mail
2016-09-14 10:57:45,654 - [INFO] <GETTER> Clien in IP : 37.26.147.206 Trying to connect
2016-09-14 10:57:45,655 - [INFO] <BUSINESS_LOGIC> Get is login permited
2016-09-14 10:57:45,660 - [INFO] <DATA_BASE> Get Users
2016-09-14 10:57:45,660 - [INFO] <MAIL>Set the mail propeties ===> setup Mail Server Properties..
2016-09-14 10:57:45,660 - [INFO] <MAIL>Set the mail propeties ===> Mail Server Properties have been setup successfully..
2016-09-14 10:57:45,660 - [INFO] <MAIL> Send the mail ===> get Mail Session..
2016-09-14 10:57:45,660 - [INFO] <MAIL> Send the mail ===> Mail Session has been created successfully..
2016-09-14 10:57:45,660 - [INFO] <MAIL> Send the mail ===> Get Session and Send mail
2016-09-14 10:57:47,520 - [INFO] <MAIL> Your Java Program has just sent an Email successfully. Check your email..
2016-09-14 10:57:47,520 - [INFO] <GETTER> Y.Nathan is login from IP: 37.26.147.206
2016-09-14 10:57:47,616 - [INFO] <MAIL> Your Java Program has just sent an Email successfully. Check your email..
2016-09-14 10:57:47,616 - [INFO] <GETTER> Y.Nathan is login from IP: 37.26.147.206
2016-09-14 10:57:48,271 - [INFO] <MAIL> Your Java Program has just sent an Email successfully. Check your email..
2016-09-14 10:57:48,271 - [INFO] <GETTER> Y.Nathan is login from IP: 37.26.147.206
2016-09-14 10:57:48,410 - [INFO] <MAIL> Your Java Program has just sent an Email successfully. Check your email..
2016-09-14 10:57:48,410 - [INFO] <GETTER> Y.Nathan is login from IP: 37.26.147.206
2016-09-14 10:57:48,796 - [INFO] <MAIL> Your Java Program has just sent an Email successfully. Check your email..
2016-09-14 10:57:48,796 - [INFO] <GETTER> Y.Nathan is login from IP: 37.26.147.206
2016-09-14 10:57:50,309 - [INFO] <BUSINESS_LOGIC> Get users
2016-09-14 10:57:50,309 - [INFO] <BUSINESS_LOGIC> Get Id by name
2016-09-14 10:57:50,314 - [INFO] <DATA_BASE> Get User-Names
2016-09-14 10:57:50,324 - [INFO] <DATA_BASE> Get Users
2016-09-14 10:57:50,329 - [INFO] <DATA_BASE> Get Gelts
2016-09-14 10:57:50,329 - [INFO] <BUSINESS_LOGIC> Get Name by Id
2016-09-14 10:57:50,339 - [INFO] <DATA_BASE> Get Users
2016-09-14 10:57:50,339 - [INFO] <BUSINESS_LOGIC> Get Name by Id
2016-09-14 10:57:50,344 - [INFO] <DATA_BASE> Get Users
2016-09-14 10:57:50,344 - [INFO] <BUSINESS_LOGIC> Get debt Y.Nathan : 200 : Moyshale
2016-09-14 10:57:50,344 - [INFO] <BUSINESS_LOGIC> Get Name by Id
2016-09-14 10:57:50,349 - [INFO] <DATA_BASE> Get Users
2016-09-14 10:57:50,349 - [INFO] <BUSINESS_LOGIC> Get Name by Id
2016-09-14 10:57:50,359 - [INFO] <DATA_BASE> Get Users
2016-09-14 10:57:50,359 - [INFO] { "debts":[ {"Debter":"Y.Nathan","Amount":"200","Entitled":"Moyshale"} ]}
2016-09-14 11:00:41,095 - [INFO] <GETTER> Nathan ask groups information on the user
2016-09-14 11:00:41,097 - [INFO] <BUSINESS_LOGIC> Get the groups information for the user name : Nathan
2016-09-14 11:00:41,102 - [INFO] <DATA_BASE> Get user-id by user-name
2016-09-14 11:00:41,107 - [INFO] <DATA_BASE> Get User id: 2
2016-09-14 11:00:41,112 - [INFO] <DATA_BASE> Get User Name for id: 2
2016-09-14 11:00:41,122 - [INFO] <DATA_BASE> Get User Name for id: 17
2016-09-14 11:00:41,122 - [INFO] <GETTER> <DATA>{ "groups":[ {"group_name":"test1","group_owner_name":"Nathan"}, {"group_name":"test3","group_owner_name":"יצחק אלחנן"} ]}
